-------------------------------------------------------------------------------
Test set: com.curso.inicio.Ejercicio5CursoApplicationTests
-------------------------------------------------------------------------------
Tests run: 1, Failures: 0, Errors: 1, Skipped: 0, Time elapsed: 0.219 s <<< FAILURE! - in com.curso.inicio.Ejercicio5CursoApplicationTests
com.curso.inicio.Ejercicio5CursoApplicationTests  Time elapsed: 0.214 s  <<< ERROR!
java.lang.IllegalStateException: Unable to find a @SpringBootConfiguration, you need to use @ContextConfiguration or @SpringBootTest(classes=...) with your test

